Using pre-set license

 COMMAND LINE ARGUMENTS:
/Applications/Unity/Hub/Editor/2020.3.1f1/Unity.app/Contents/MacOS/Unity
-adb2
-batchMode
-noUpm
-name
AssetImportWorker0
-projectPath
/Users/aamu/Desktop/apps/UnityProj
-logFile
Logs/AssetImportWorker0.log
-srvPort
50948
Successfully changed project path to: /Users/aamu/Desktop/apps/UnityProj
/Users/aamu/Desktop/apps/UnityProj
Using Asset Import Pipeline V2.
Refreshing native plugins compatible for Editor in 48.04 ms, found 3 plugins.
Preloading 1 native plugins for Editor in 0.37 ms.
Initialize engine version: 2020.3.1f1 (77a89f25062f)
[Subsystems] Discovering subsystems at path /Applications/Unity/Hub/Editor/2020.3.1f1/Unity.app/Contents/Resources/UnitySubsystems
[Subsystems] Discovering subsystems at path /Users/aamu/Desktop/apps/UnityProj/Assets
GfxDevice: creating device client; threaded=0
2021-04-23 21:12:00.082 Unity[50236:2601324] Color LCD preferred device: Intel(R) Iris(TM) Plus Graphics 655 (low power)
2021-04-23 21:12:00.082 Unity[50236:2601324] Metal devices available: 1
2021-04-23 21:12:00.082 Unity[50236:2601324] 0: Intel(R) Iris(TM) Plus Graphics 655 (low power)
2021-04-23 21:12:00.082 Unity[50236:2601324] Using device Intel(R) Iris(TM) Plus Graphics 655 (low power)
Initializing Metal device caps: Intel(R) Iris(TM) Plus Graphics 655
Initialize mono
Mono path[0] = '/Applications/Unity/Hub/Editor/2020.3.1f1/Unity.app/Contents/Managed'
Mono path[1] = '/Applications/Unity/Hub/Editor/2020.3.1f1/Unity.app/Contents/MonoBleedingEdge/lib/mono/unityjit'
Mono config path = '/Applications/Unity/Hub/Editor/2020.3.1f1/Unity.app/Contents/MonoBleedingEdge/etc'
Using monoOptions --debugger-agent=transport=dt_socket,embedding=1,server=y,suspend=n,address=127.0.0.1:56236
Begin MonoManager ReloadAssembly
Registering precompiled unity dll's ...
Register platform support module: /Applications/Unity/Hub/Editor/2020.3.1f1/Unity.app/Contents/PlaybackEngines/MacStandaloneSupport/UnityEditor.OSXStandalone.Extensions.dll
Registered in 0.001651 seconds.
Native extension for OSXStandalone target not found
Refreshing native plugins compatible for Editor in 26.60 ms, found 3 plugins.
Preloading 1 native plugins for Editor in 0.27 ms.
Invoked RoslynAnalysisRunner static constructor.
RoslynAnalysisRunner will not be running.
RoslynAnalysisRunner has terminated.
Mono: successfully reloaded assembly
- Completed reload, in  1.898 seconds
Platform modules already initialized, skipping
Registering precompiled user dll's ...
Registered in 0.008527 seconds.
Begin MonoManager ReloadAssembly
Native extension for OSXStandalone target not found
Refreshing native plugins compatible for Editor in 0.45 ms, found 3 plugins.
Preloading 1 native plugins for Editor in 0.41 ms.
System.NullReferenceException: Object reference not set to an instance of an object
  at Vuforia.EditorClasses.ExtensionTypeProvider.GetVuforiaPackageAbsPath () [0x0004a] in <a490fa95b9a6409e9780d5f38d01007a>:0 
  at Vuforia.EditorClasses.ExtensionTypeProvider.IsPackageManager () [0x00000] in <a490fa95b9a6409e9780d5f38d01007a>:0 
  at Vuforia.EditorClasses.ExtensionTypeProvider.ResolvePluginType () [0x00009] in <a490fa95b9a6409e9780d5f38d01007a>:0 
  at Vuforia.EditorClasses.ExtensionTypeProvider.GetPluginType () [0x0000c] in <a490fa95b9a6409e9780d5f38d01007a>:0 
  at Vuforia.EditorClasses.VuforiaUtilities.IsVuforiaEnabledInPlayerSettings () [0x00000] in <a490fa95b9a6409e9780d5f38d01007a>:0 
  at VuforiaEnabledObserver..cctor () [0x00000] in <a490fa95b9a6409e9780d5f38d01007a>:0 
UnityEngine.StackTraceUtility:ExtractStackTrace () (at /Users/bokken/buildslave/unity/build/Runtime/Export/Scripting/StackTrace.cs:37)
UnityEngine.DebugLogHandler:LogFormat (UnityEngine.LogType,UnityEngine.Object,string,object[])
UnityEngine.Logger:Log (UnityEngine.LogType,object)
UnityEngine.Debug:LogError (object)
UnityEditor.EditorAssemblies:ProcessInitializeOnLoadAttributes (System.Type[]) (at /Users/bokken/buildslave/unity/build/Editor/Mono/EditorAssemblies.cs:118)

(Filename: /Users/bokken/buildslave/unity/build/Runtime/Export/Scripting/StackTrace.cs Line: 37)

System.NullReferenceException: Object reference not set to an instance of an object
  at Vuforia.EditorClasses.ExtensionTypeProvider.GetVuforiaPackageAbsPath () [0x0004a] in <a490fa95b9a6409e9780d5f38d01007a>:0 
  at Vuforia.EditorClasses.ExtensionTypeProvider.IsPackageManager () [0x00000] in <a490fa95b9a6409e9780d5f38d01007a>:0 
  at Vuforia.EditorClasses.ExtensionTypeProvider.ResolvePluginType () [0x00009] in <a490fa95b9a6409e9780d5f38d01007a>:0 
  at Vuforia.EditorClasses.ExtensionTypeProvider.GetPluginType () [0x0000c] in <a490fa95b9a6409e9780d5f38d01007a>:0 
  at Vuforia.EditorClasses.VuforiaUtilities.IsVuforiaEnabledInPlayerSettings () [0x00000] in <a490fa95b9a6409e9780d5f38d01007a>:0 
  at Vuforia.EditorClasses.InitializeOnLoadVuforiaTaskRunner..cctor () [0x00015] in <a490fa95b9a6409e9780d5f38d01007a>:0 
UnityEngine.StackTraceUtility:ExtractStackTrace () (at /Users/bokken/buildslave/unity/build/Runtime/Export/Scripting/StackTrace.cs:37)
UnityEngine.DebugLogHandler:LogFormat (UnityEngine.LogType,UnityEngine.Object,string,object[])
UnityEngine.Logger:Log (UnityEngine.LogType,object)
UnityEngine.Debug:LogError (object)
UnityEditor.EditorAssemblies:ProcessInitializeOnLoadAttributes (System.Type[]) (at /Users/bokken/buildslave/unity/build/Editor/Mono/EditorAssemblies.cs:118)

(Filename: /Users/bokken/buildslave/unity/build/Runtime/Export/Scripting/StackTrace.cs Line: 37)

Invoked RoslynAnalysisRunner static constructor.
RoslynAnalysisRunner will not be running.
RoslynAnalysisRunner has terminated.
Mono: successfully reloaded assembly
- Completed reload, in  1.078 seconds
Platform modules already initialized, skipping
========================================================================
Worker process is ready to serve import requests
Shader 'PointClouds/PointSplat': fallback shader 'PointClouds/PointSplatLegacy' not found
WARNING: Shader Unsupported: 'PointClouds/PointSplat' - All subshaders removed
WARNING: Shader Did you use #pragma only_renderers and omit this platform?
WARNING: Shader If subshaders removal was intentional, you may have forgotten turning Fallback off?
WARNING: Shader Unsupported: 'PointClouds/PointSplat' - All subshaders removed
WARNING: Shader Did you use #pragma only_renderers and omit this platform?
WARNING: Shader If subshaders removal was intentional, you may have forgotten turning Fallback off?
Shader 'PointClouds/PointSplat': fallback shader 'PointClouds/PointSplatLegacy' not found
WARNING: Shader Unsupported: 'PointClouds/PointSplat' - All subshaders removed
WARNING: Shader Did you use #pragma only_renderers and omit this platform?
WARNING: Shader If subshaders removal was intentional, you may have forgotten turning Fallback off?
WARNING: Shader Unsupported: 'PointClouds/PointSplat' - All subshaders removed
WARNING: Shader Did you use #pragma only_renderers and omit this platform?
WARNING: Shader If subshaders removal was intentional, you may have forgotten turning Fallback off?
Launching external process: /Applications/Unity/Hub/Editor/2020.3.1f1/Unity.app/Contents/Tools/UnityShaderCompiler
Launched and connected shader compiler UnityShaderCompiler after 0.02 seconds
Refreshing native plugins compatible for Editor in 0.53 ms, found 3 plugins.
Preloading 1 native plugins for Editor in 0.32 ms.
Unloading 1174 Unused Serialized files (Serialized files now loaded: 0)
System memory in use before: 120.1 MB.
System memory in use after: 120.1 MB.

Unloading 44 unused Assets to reduce memory usage. Loaded Objects now: 1866.
Total: 2.346148 ms (FindLiveObjects: 0.210645 ms CreateObjectMapping: 0.057954 ms MarkObjects: 1.950746 ms  DeleteObjects: 0.125446 ms)

========================================================================
Received Import Request.
  path: Packages/com.ptc.vuforia.engine/Vuforia/Prefabs/DefaultPlaneIndicator.prefab
  artifactKey: Guid(b9ed12c68682d5b49bfa70ee9d71602d) Importer(815301076,1909f56bfc062723c751e8b465ee728b)
Start importing Packages/com.ptc.vuforia.engine/Vuforia/Prefabs/DefaultPlaneIndicator.prefab using Guid(b9ed12c68682d5b49bfa70ee9d71602d) Importer(815301076,1909f56bfc062723c751e8b465ee728b)  -> (artifact id: 'dfce3536ed4a1311c9eeecb188a981ea') in 2.320907 seconds
  Import took 2.325840 seconds .

========================================================================
Received Import Request.
  Time since last request: 0.000249 seconds.
  path: Packages/com.ptc.vuforia.engine/Vuforia/Prefabs/MidAirReference.prefab
  artifactKey: Guid(e9dc61a799fb66b4f830683886a6d761) Importer(815301076,1909f56bfc062723c751e8b465ee728b)
Start importing Packages/com.ptc.vuforia.engine/Vuforia/Prefabs/MidAirReference.prefab using Guid(e9dc61a799fb66b4f830683886a6d761) Importer(815301076,1909f56bfc062723c751e8b465ee728b)  -> (artifact id: '923cd5014246a5a8ee6eb28d88689cde') in 0.248292 seconds
  Import took 0.251456 seconds .

========================================================================
Received Import Request.
  Time since last request: 0.000225 seconds.
  path: Packages/com.ptc.vuforia.engine/Vuforia/Prefabs/GroundPlaneReference.prefab
  artifactKey: Guid(cf19ace87b12c2741979b9582691d60d) Importer(815301076,1909f56bfc062723c751e8b465ee728b)
Start importing Packages/com.ptc.vuforia.engine/Vuforia/Prefabs/GroundPlaneReference.prefab using Guid(cf19ace87b12c2741979b9582691d60d) Importer(815301076,1909f56bfc062723c751e8b465ee728b)  -> (artifact id: '90cfe7563282bdb2e38095052778e76c') in 0.236020 seconds
  Import took 0.242330 seconds .

========================================================================
Received Import Request.
  Time since last request: 0.000310 seconds.
  path: Packages/com.ptc.vuforia.engine/Vuforia/Prefabs/SessionRecorder.prefab
  artifactKey: Guid(8ce5dfe4cb6b24642b68cb2125a3004e) Importer(815301076,1909f56bfc062723c751e8b465ee728b)
Start importing Packages/com.ptc.vuforia.engine/Vuforia/Prefabs/SessionRecorder.prefab using Guid(8ce5dfe4cb6b24642b68cb2125a3004e) Importer(815301076,1909f56bfc062723c751e8b465ee728b)  -> (artifact id: '69909852bda582663a78001713494598') in 0.047401 seconds
  Import took 0.051453 seconds .

========================================================================
Received Import Request.
  Time since last request: 0.000289 seconds.
  path: Packages/com.ptc.vuforia.engine/Vuforia/Prefabs/DefaultMidAirIndicator.prefab
  artifactKey: Guid(e5581564ca4d5f2479d5f1694371ef2f) Importer(815301076,1909f56bfc062723c751e8b465ee728b)
Start importing Packages/com.ptc.vuforia.engine/Vuforia/Prefabs/DefaultMidAirIndicator.prefab using Guid(e5581564ca4d5f2479d5f1694371ef2f) Importer(815301076,1909f56bfc062723c751e8b465ee728b)  -> (artifact id: '906e1a331d06d485ce93ecdd0e6c2e8f') in 0.724591 seconds
  Import took 0.726955 seconds .

========================================================================
Received Import Request.
  Time since last request: 15.703280 seconds.
  path: Assets/DataFiles/3D Objects/Bimo -Rig-[040618]RENDER 12.fbx
  artifactKey: Guid(956cc569c6b6f4029a4879934ab50b98) Importer(815301076,1909f56bfc062723c751e8b465ee728b)
Start importing Assets/DataFiles/3D Objects/Bimo -Rig-[040618]RENDER 12.fbx using Guid(956cc569c6b6f4029a4879934ab50b98) Importer(815301076,1909f56bfc062723c751e8b465ee728b)  -> (artifact id: '1690d8bc74a03674013454ceda234d93') in 1.156847 seconds
  Import took 1.166146 seconds .

========================================================================
Received Import Request.
  Time since last request: 9.500555 seconds.
  path: Assets/DataFiles/3D Objects/Bimo -Rig-[040618]RENDER 14.fbx
  artifactKey: Guid(5c4939e1299124c9586dbf96719a3748) Importer(815301076,1909f56bfc062723c751e8b465ee728b)
Start importing Assets/DataFiles/3D Objects/Bimo -Rig-[040618]RENDER 14.fbx using Guid(5c4939e1299124c9586dbf96719a3748) Importer(815301076,1909f56bfc062723c751e8b465ee728b)  -> (artifact id: 'd7204b6ee13ea6fdbd4c9337210dfca2') in 0.733608 seconds
  Import took 0.742446 seconds .

========================================================================
Received Import Request.
  Time since last request: 7.841121 seconds.
  path: Assets/DataFiles/3D Objects/Bimo -Rig-[040618]RENDER 16.fbx
  artifactKey: Guid(bc9471dafc4984b8c86d6cc180197db4) Importer(815301076,1909f56bfc062723c751e8b465ee728b)
Start importing Assets/DataFiles/3D Objects/Bimo -Rig-[040618]RENDER 16.fbx using Guid(bc9471dafc4984b8c86d6cc180197db4) Importer(815301076,1909f56bfc062723c751e8b465ee728b)  -> (artifact id: '1666b48ddc28b80330279b7aed75f3d4') in 0.754019 seconds
  Import took 0.762074 seconds .

========================================================================
Received Prepare
Registering precompiled user dll's ...
Registered in 0.014460 seconds.
Begin MonoManager ReloadAssembly
Native extension for OSXStandalone target not found
Refreshing native plugins compatible for Editor in 0.44 ms, found 3 plugins.
Preloading 1 native plugins for Editor in 0.27 ms.
System.NullReferenceException: Object reference not set to an instance of an object
  at Vuforia.EditorClasses.ExtensionTypeProvider.GetVuforiaPackageAbsPath () [0x0004a] in <a490fa95b9a6409e9780d5f38d01007a>:0 
  at Vuforia.EditorClasses.ExtensionTypeProvider.IsPackageManager () [0x00000] in <a490fa95b9a6409e9780d5f38d01007a>:0 
  at Vuforia.EditorClasses.ExtensionTypeProvider.ResolvePluginType () [0x00009] in <a490fa95b9a6409e9780d5f38d01007a>:0 
  at Vuforia.EditorClasses.ExtensionTypeProvider.GetPluginType () [0x0000c] in <a490fa95b9a6409e9780d5f38d01007a>:0 
  at Vuforia.EditorClasses.VuforiaUtilities.IsVuforiaEnabledInPlayerSettings () [0x00000] in <a490fa95b9a6409e9780d5f38d01007a>:0 
  at VuforiaEnabledObserver..cctor () [0x00000] in <a490fa95b9a6409e9780d5f38d01007a>:0 
UnityEngine.StackTraceUtility:ExtractStackTrace () (at /Users/bokken/buildslave/unity/build/Runtime/Export/Scripting/StackTrace.cs:37)
UnityEngine.DebugLogHandler:LogFormat (UnityEngine.LogType,UnityEngine.Object,string,object[])
UnityEngine.Logger:Log (UnityEngine.LogType,object)
UnityEngine.Debug:LogError (object)
UnityEditor.EditorAssemblies:ProcessInitializeOnLoadAttributes (System.Type[]) (at /Users/bokken/buildslave/unity/build/Editor/Mono/EditorAssemblies.cs:118)

(Filename: /Users/bokken/buildslave/unity/build/Runtime/Export/Scripting/StackTrace.cs Line: 37)

System.NullReferenceException: Object reference not set to an instance of an object
  at Vuforia.EditorClasses.ExtensionTypeProvider.GetVuforiaPackageAbsPath () [0x0004a] in <a490fa95b9a6409e9780d5f38d01007a>:0 
  at Vuforia.EditorClasses.ExtensionTypeProvider.IsPackageManager () [0x00000] in <a490fa95b9a6409e9780d5f38d01007a>:0 
  at Vuforia.EditorClasses.ExtensionTypeProvider.ResolvePluginType () [0x00009] in <a490fa95b9a6409e9780d5f38d01007a>:0 
  at Vuforia.EditorClasses.ExtensionTypeProvider.GetPluginType () [0x0000c] in <a490fa95b9a6409e9780d5f38d01007a>:0 
  at Vuforia.EditorClasses.VuforiaUtilities.IsVuforiaEnabledInPlayerSettings () [0x00000] in <a490fa95b9a6409e9780d5f38d01007a>:0 
  at Vuforia.EditorClasses.InitializeOnLoadVuforiaTaskRunner..cctor () [0x00015] in <a490fa95b9a6409e9780d5f38d01007a>:0 
UnityEngine.StackTraceUtility:ExtractStackTrace () (at /Users/bokken/buildslave/unity/build/Runtime/Export/Scripting/StackTrace.cs:37)
UnityEngine.DebugLogHandler:LogFormat (UnityEngine.LogType,UnityEngine.Object,string,object[])
UnityEngine.Logger:Log (UnityEngine.LogType,object)
UnityEngine.Debug:LogError (object)
UnityEditor.EditorAssemblies:ProcessInitializeOnLoadAttributes (System.Type[]) (at /Users/bokken/buildslave/unity/build/Editor/Mono/EditorAssemblies.cs:118)

(Filename: /Users/bokken/buildslave/unity/build/Runtime/Export/Scripting/StackTrace.cs Line: 37)

Invoked RoslynAnalysisRunner static constructor.
RoslynAnalysisRunner will not be running.
RoslynAnalysisRunner has terminated.
Mono: successfully reloaded assembly
- Completed reload, in  0.998 seconds
Platform modules already initialized, skipping
Switching build target platform(2) subTarget(0) extendedPlatform(0) -> platform(9) subTarget(16777218) extendedPlatform(0)
Shader 'PointClouds/PointSplat': fallback shader 'PointClouds/PointSplatLegacy' not found
WARNING: Shader Unsupported: 'PointClouds/PointSplat' - All subshaders removed
WARNING: Shader Did you use #pragma only_renderers and omit this platform?
WARNING: Shader If subshaders removal was intentional, you may have forgotten turning Fallback off?
WARNING: Shader Unsupported: 'PointClouds/PointSplat' - All subshaders removed
WARNING: Shader Did you use #pragma only_renderers and omit this platform?
WARNING: Shader If subshaders removal was intentional, you may have forgotten turning Fallback off?
Shader 'PointClouds/PointSplat': fallback shader 'PointClouds/PointSplatLegacy' not found
WARNING: Shader Unsupported: 'PointClouds/PointSplat' - All subshaders removed
WARNING: Shader Did you use #pragma only_renderers and omit this platform?
WARNING: Shader If subshaders removal was intentional, you may have forgotten turning Fallback off?
WARNING: Shader Unsupported: 'PointClouds/PointSplat' - All subshaders removed
WARNING: Shader Did you use #pragma only_renderers and omit this platform?
WARNING: Shader If subshaders removal was intentional, you may have forgotten turning Fallback off?
Refreshing native plugins compatible for Editor in 0.55 ms, found 3 plugins.
Preloading 1 native plugins for Editor in 0.37 ms.
Unloading 1162 Unused Serialized files (Serialized files now loaded: 0)
System memory in use before: 154.6 MB.
System memory in use after: 154.7 MB.

Unloading 40 unused Assets to reduce memory usage. Loaded Objects now: 1918.
Total: 2.214258 ms (FindLiveObjects: 0.215559 ms CreateObjectMapping: 0.061594 ms MarkObjects: 1.859446 ms  DeleteObjects: 0.075770 ms)

AssetImportParameters requested are different than current active one (requested -> active):
  custom:graphics/normal-map-encoding: 01000000000000000000000000000000 -> 02000000000000000000000000000000
========================================================================
Received Import Request.
  Time since last request: 344.668757 seconds.
  path: Assets/DataFiles/3D Objects/Bimo -Rig-[040618]RENDER 17.fbx
  artifactKey: Guid(965d4bdfaa5aa4e9684f0e9c22d890ca) Importer(815301076,1909f56bfc062723c751e8b465ee728b)
Start importing Assets/DataFiles/3D Objects/Bimo -Rig-[040618]RENDER 17.fbx using Guid(965d4bdfaa5aa4e9684f0e9c22d890ca) Importer(815301076,1909f56bfc062723c751e8b465ee728b)  -> (artifact id: 'e7084d6c48112df3770020bf48e6580f') in 0.812159 seconds
  Import took 0.825958 seconds .

========================================================================
Received Import Request.
  Time since last request: 0.000352 seconds.
  path: Assets/DataFiles/3D Objects/Bimo -Rig-[040618]RENDER 21.fbx
  artifactKey: Guid(15c590c0a5cb94ebaac7ac4e08bfbacb) Importer(815301076,1909f56bfc062723c751e8b465ee728b)
Start importing Assets/DataFiles/3D Objects/Bimo -Rig-[040618]RENDER 21.fbx using Guid(15c590c0a5cb94ebaac7ac4e08bfbacb) Importer(815301076,1909f56bfc062723c751e8b465ee728b)  -> (artifact id: 'c374e904b58b989e3e74792b508134ae') in 0.701392 seconds
  Import took 0.709364 seconds .

========================================================================
Received Import Request.
  Time since last request: 0.000360 seconds.
  path: Assets/DataFiles/3D Objects/Bimo -Rig-[040618]RENDER 22.fbx
  artifactKey: Guid(5d056ce079fd54249a16cc3c38c3e644) Importer(815301076,1909f56bfc062723c751e8b465ee728b)
Start importing Assets/DataFiles/3D Objects/Bimo -Rig-[040618]RENDER 22.fbx using Guid(5d056ce079fd54249a16cc3c38c3e644) Importer(815301076,1909f56bfc062723c751e8b465ee728b)  -> (artifact id: '9370fff90caf0013bd1f30db6ad4e419') in 0.738791 seconds
  Import took 0.747259 seconds .

========================================================================
Received Import Request.
  Time since last request: 182.287442 seconds.
  path: Assets/ARS/LightingData.asset
  artifactKey: Guid(5154c1ccc7658452c843991593d311fd) Importer(815301076,1909f56bfc062723c751e8b465ee728b)
Start importing Assets/ARS/LightingData.asset using Guid(5154c1ccc7658452c843991593d311fd) Importer(815301076,1909f56bfc062723c751e8b465ee728b)  -> (artifact id: '96ad8ed2c92f839c3dd9bf1b1ad657eb') in 0.173644 seconds
  Import took 0.176883 seconds .

========================================================================
Received Prepare
Registering precompiled user dll's ...
Registered in 0.014648 seconds.
Begin MonoManager ReloadAssembly
Native extension for OSXStandalone target not found
Refreshing native plugins compatible for Editor in 0.44 ms, found 3 plugins.
Preloading 1 native plugins for Editor in 0.27 ms.
System.NullReferenceException: Object reference not set to an instance of an object
  at Vuforia.EditorClasses.ExtensionTypeProvider.GetVuforiaPackageAbsPath () [0x0004a] in <a490fa95b9a6409e9780d5f38d01007a>:0 
  at Vuforia.EditorClasses.ExtensionTypeProvider.IsPackageManager () [0x00000] in <a490fa95b9a6409e9780d5f38d01007a>:0 
  at Vuforia.EditorClasses.ExtensionTypeProvider.ResolvePluginType () [0x00009] in <a490fa95b9a6409e9780d5f38d01007a>:0 
  at Vuforia.EditorClasses.ExtensionTypeProvider.GetPluginType () [0x0000c] in <a490fa95b9a6409e9780d5f38d01007a>:0 
  at Vuforia.EditorClasses.VuforiaUtilities.IsVuforiaEnabledInPlayerSettings () [0x00000] in <a490fa95b9a6409e9780d5f38d01007a>:0 
  at VuforiaEnabledObserver..cctor () [0x00000] in <a490fa95b9a6409e9780d5f38d01007a>:0 
UnityEngine.StackTraceUtility:ExtractStackTrace () (at /Users/bokken/buildslave/unity/build/Runtime/Export/Scripting/StackTrace.cs:37)
UnityEngine.DebugLogHandler:LogFormat (UnityEngine.LogType,UnityEngine.Object,string,object[])
UnityEngine.Logger:Log (UnityEngine.LogType,object)
UnityEngine.Debug:LogError (object)
UnityEditor.EditorAssemblies:ProcessInitializeOnLoadAttributes (System.Type[]) (at /Users/bokken/buildslave/unity/build/Editor/Mono/EditorAssemblies.cs:118)

(Filename: /Users/bokken/buildslave/unity/build/Runtime/Export/Scripting/StackTrace.cs Line: 37)

System.NullReferenceException: Object reference not set to an instance of an object
  at Vuforia.EditorClasses.ExtensionTypeProvider.GetVuforiaPackageAbsPath () [0x0004a] in <a490fa95b9a6409e9780d5f38d01007a>:0 
  at Vuforia.EditorClasses.ExtensionTypeProvider.IsPackageManager () [0x00000] in <a490fa95b9a6409e9780d5f38d01007a>:0 
  at Vuforia.EditorClasses.ExtensionTypeProvider.ResolvePluginType () [0x00009] in <a490fa95b9a6409e9780d5f38d01007a>:0 
  at Vuforia.EditorClasses.ExtensionTypeProvider.GetPluginType () [0x0000c] in <a490fa95b9a6409e9780d5f38d01007a>:0 
  at Vuforia.EditorClasses.VuforiaUtilities.IsVuforiaEnabledInPlayerSettings () [0x00000] in <a490fa95b9a6409e9780d5f38d01007a>:0 
  at Vuforia.EditorClasses.InitializeOnLoadVuforiaTaskRunner..cctor () [0x00015] in <a490fa95b9a6409e9780d5f38d01007a>:0 
UnityEngine.StackTraceUtility:ExtractStackTrace () (at /Users/bokken/buildslave/unity/build/Runtime/Export/Scripting/StackTrace.cs:37)
UnityEngine.DebugLogHandler:LogFormat (UnityEngine.LogType,UnityEngine.Object,string,object[])
UnityEngine.Logger:Log (UnityEngine.LogType,object)
UnityEngine.Debug:LogError (object)
UnityEditor.EditorAssemblies:ProcessInitializeOnLoadAttributes (System.Type[]) (at /Users/bokken/buildslave/unity/build/Editor/Mono/EditorAssemblies.cs:118)

(Filename: /Users/bokken/buildslave/unity/build/Runtime/Export/Scripting/StackTrace.cs Line: 37)

Invoked RoslynAnalysisRunner static constructor.
RoslynAnalysisRunner will not be running.
RoslynAnalysisRunner has terminated.
Mono: successfully reloaded assembly
- Completed reload, in  0.944 seconds
Platform modules already initialized, skipping
Switching build target platform(2) subTarget(0) extendedPlatform(0) -> platform(9) subTarget(16777218) extendedPlatform(0)
Shader 'PointClouds/PointSplat': fallback shader 'PointClouds/PointSplatLegacy' not found
WARNING: Shader Unsupported: 'PointClouds/PointSplat' - All subshaders removed
WARNING: Shader Did you use #pragma only_renderers and omit this platform?
WARNING: Shader If subshaders removal was intentional, you may have forgotten turning Fallback off?
WARNING: Shader Unsupported: 'PointClouds/PointSplat' - All subshaders removed
WARNING: Shader Did you use #pragma only_renderers and omit this platform?
WARNING: Shader If subshaders removal was intentional, you may have forgotten turning Fallback off?
Shader 'PointClouds/PointSplat': fallback shader 'PointClouds/PointSplatLegacy' not found
WARNING: Shader Unsupported: 'PointClouds/PointSplat' - All subshaders removed
WARNING: Shader Did you use #pragma only_renderers and omit this platform?
WARNING: Shader If subshaders removal was intentional, you may have forgotten turning Fallback off?
WARNING: Shader Unsupported: 'PointClouds/PointSplat' - All subshaders removed
WARNING: Shader Did you use #pragma only_renderers and omit this platform?
WARNING: Shader If subshaders removal was intentional, you may have forgotten turning Fallback off?
Refreshing native plugins compatible for Editor in 0.47 ms, found 3 plugins.
Preloading 1 native plugins for Editor in 0.32 ms.
Unloading 1162 Unused Serialized files (Serialized files now loaded: 0)
System memory in use before: 167.9 MB.
System memory in use after: 168.0 MB.

Unloading 40 unused Assets to reduce memory usage. Loaded Objects now: 1922.
Total: 2.371081 ms (FindLiveObjects: 0.252328 ms CreateObjectMapping: 0.080966 ms MarkObjects: 1.958313 ms  DeleteObjects: 0.077620 ms)

AssetImportParameters requested are different than current active one (requested -> active):
  custom:graphics/normal-map-encoding: 01000000000000000000000000000000 -> 02000000000000000000000000000000
